--- Log opened Fri Feb 22 07:41:20 2013
07:41 Irssi: Starting query in localhost with gw-gtalk
--- Log closed Fri Feb 22 07:45:16 2013
--- Log opened Fri Feb 22 07:46:08 2013
07:46 Irssi: Starting query in localhost with gw-gtalk
--- Log closed Fri Feb 22 07:47:22 2013
--- Log opened Fri Feb 22 07:47:43 2013
07:47 Irssi: Starting query in localhost with gw-gtalk
--- Log closed Fri Feb 22 07:48:49 2013
--- Log opened Fri Feb 22 08:22:22 2013
08:22 Irssi: Starting query in localhost with gw-gtalk
--- Log closed Fri Feb 22 08:27:22 2013
--- Log opened Fri Feb 22 09:03:11 2013
09:03 Irssi: Starting query in localhost with gw-gtalk
--- Log closed Fri Feb 22 09:12:11 2013
--- Log opened Mon Feb 25 14:31:14 2013
14:31 Irssi: Starting query in localhost with gw-gtalk
--- Log closed Mon Feb 25 14:36:14 2013
--- Log opened Fri Mar 01 14:35:13 2013
14:35 Irssi: Starting query in localhost with gw-gtalk
--- Log closed Fri Mar 01 14:38:59 2013
--- Log opened Fri Mar 01 14:48:01 2013
14:48 Irssi: Starting query in localhost with gw-gtalk
--- Log closed Fri Mar 01 14:49:32 2013
--- Log opened Fri Mar 01 14:49:47 2013
14:49 Irssi: Starting query in localhost with gw-gtalk
--- Log closed Fri Mar 01 14:54:47 2013
--- Log opened Mon Mar 25 11:43:28 2013
11:43 -!- Irssi: Starting query in localhost with gw-gtalk
--- Log closed Mon Mar 25 11:49:27 2013
--- Log opened Fri Mar 29 13:13:03 2013
13:13 Irssi: Starting query in localhost with gw-gtalk
13:15 Irssi: Closing query with gw-gtalk
--- Log closed Fri Mar 29 13:15:06 2013
