--- Log opened Sun Mar 03 13:42:15 2013
13:42 Irssi: #twitlive: Total of 2 nicks [2 ops, 0 halfops, 0 voices, 0 normal]
13:42 Irssi: >>> Join to #twitlive was synced in 0 secs
--- Log closed Sun Mar 03 13:42:31 2013
--- Log opened Sun Mar 03 13:43:07 2013
13:43 Irssi: #twitlive: Total of 2 nicks [2 ops, 0 halfops, 0 voices, 0 normal]
13:43 Irssi: >>> Join to #twitlive was synced in 0 secs
--- Log closed Sun Mar 03 13:43:11 2013
--- Log opened Sun Mar 03 13:45:12 2013
13:45 Irssi: #twitlive: Total of 2 nicks [2 ops, 0 halfops, 0 voices, 0 normal]
13:45 Irssi: >>> Join to #twitlive was synced in 0 secs
--- Log closed Sun Mar 03 13:45:21 2013
--- Log opened Wed Mar 13 14:53:11 2013
14:53 Irssi: #twitlive: Total of 2 nicks [2 ops, 0 halfops, 0 voices, 0 normal]
14:53 Irssi: >>> Join to #twitlive was synced in 0 secs
--- Log closed Wed Mar 13 14:53:17 2013
--- Log opened Wed Mar 13 14:53:22 2013
14:53 Irssi: #twitlive: Total of 2 nicks [2 ops, 0 halfops, 0 voices, 0 normal]
14:53 Irssi: >>> Join to #twitlive was synced in 0 secs
--- Log closed Wed Mar 13 14:53:25 2013
