--- Log opened Fri Feb 22 07:41:33 2013
07:41 [localhost]: BitlBee-IRCd initialized, please go on
--- Log closed Fri Feb 22 07:45:16 2013
--- Log opened Fri Feb 22 08:24:31 2013
08:24 [localhost]: BitlBee-IRCd initialized, please go on
--- Log closed Fri Feb 22 08:30:22 2013
--- Log opened Fri Feb 22 08:33:46 2013
08:33 [localhost]: BitlBee-IRCd initialized, please go on
08:35 [localhost]: BitlBee-IRCd initialized, please go on
08:41 [localhost]: BitlBee-IRCd initialized, please go on
08:51 [localhost]: BitlBee-IRCd initialized, please go on
--- Log closed Fri Feb 22 08:57:22 2013
--- Log opened Fri Feb 22 09:03:42 2013
09:03 [localhost]: BitlBee-IRCd initialized, please go on
09:08 [localhost]: BitlBee-IRCd initialized, please go on
09:11 [localhost]: BitlBee-IRCd initialized, please go on
09:15 [localhost]: BitlBee-IRCd initialized, please go on
--- Log closed Fri Feb 22 09:21:11 2013
--- Log opened Mon Feb 25 14:25:57 2013
14:25 [localhost]: BitlBee-IRCd initialized, please go on
--- Log closed Mon Feb 25 14:26:24 2013
--- Log opened Mon Feb 25 14:33:00 2013
14:33 [localhost]: BitlBee-IRCd initialized, please go on
--- Log closed Mon Feb 25 14:38:14 2013
--- Log opened Fri Mar 01 14:48:13 2013
14:48 [localhost]: BitlBee-IRCd initialized, please go on
--- Log closed Fri Mar 01 14:49:32 2013
--- Log opened Fri Mar 01 14:50:36 2013
14:50 [localhost]: BitlBee-IRCd initialized, please go on
--- Log closed Fri Mar 01 14:55:47 2013
--- Log opened Fri Mar 15 11:49:05 2013
11:49 [localhost]: BitlBee-IRCd initialized, please go on
--- Log closed Fri Mar 15 11:54:07 2013
--- Log opened Mon Mar 25 11:43:45 2013
11:43 !localhost BitlBee-IRCd initialized, please go on
--- Log closed Mon Mar 25 11:49:27 2013
--- Log opened Wed Mar 27 19:35:43 2013
19:35 [localhost]: BitlBee-IRCd initialized, please go on
--- Log closed Wed Mar 27 19:41:30 2013
--- Log opened Fri Mar 29 13:13:35 2013
13:13 [localhost]: BitlBee-IRCd initialized, please go on
--- Log closed Fri Mar 29 13:19:03 2013
--- Log opened Fri Mar 29 14:12:42 2013
14:12 [localhost]: BitlBee-IRCd initialized, please go on
--- Log closed Fri Mar 29 14:18:19 2013
--- Log opened Fri Mar 29 19:20:54 2013
19:20 [localhost]: BitlBee-IRCd initialized, please go on
--- Log closed Fri Mar 29 19:26:19 2013
--- Log opened Wed Apr 03 10:00:06 2013
10:00 [localhost]: BitlBee-IRCd initialized, please go on
--- Log closed Wed Apr 03 10:06:00 2013
--- Log opened Wed Apr 03 10:33:16 2013
10:33 [localhost]: BitlBee-IRCd initialized, please go on
--- Log closed Wed Apr 03 10:39:11 2013
--- Log opened Tue May 21 11:42:01 2013
11:42 [localhost]: BitlBee-IRCd initialized, please go on
--- Log closed Tue May 21 11:47:20 2013
--- Log opened Thu Jun 06 09:25:09 2013
09:25 [localhost]: BitlBee-IRCd initialized, please go on
--- Log closed Thu Jun 06 09:30:41 2013
--- Log opened Mon Jun 10 09:55:33 2013
09:55 [localhost]: BitlBee-IRCd initialized, please go on
--- Log closed Mon Jun 10 10:01:22 2013
--- Log opened Fri Jun 14 11:21:22 2013
11:21 [localhost]: BitlBee-IRCd initialized, please go on
--- Log closed Fri Jun 14 11:21:38 2013
--- Log opened Fri Jun 14 11:25:50 2013
11:25 [localhost]: BitlBee-IRCd initialized, please go on
--- Log closed Fri Jun 14 11:31:44 2013
--- Log opened Mon Jun 24 02:31:03 2013
02:31 [localhost]: BitlBee-IRCd initialized, please go on
--- Log closed Mon Jun 24 02:36:58 2013
--- Log opened Mon Aug 12 09:48:02 2013
09:48 [localhost]: BitlBee-IRCd initialized, please go on
--- Log closed Mon Aug 12 09:53:46 2013
--- Log opened Thu Jan 09 11:00:24 2014
11:00 [localhost]: BitlBee-IRCd initialized, please go on
--- Log closed Thu Jan 09 11:06:15 2014
--- Log opened Tue Jan 14 10:50:43 2014
10:50 [localhost]: BitlBee-IRCd initialized, please go on
--- Log closed Tue Jan 14 10:51:17 2014
--- Log opened Tue Jan 14 10:57:05 2014
10:57 [localhost]: BitlBee-IRCd initialized, please go on
--- Log closed Tue Jan 14 11:02:59 2014
--- Log opened Tue Jan 14 12:04:06 2014
12:04 [localhost]: BitlBee-IRCd initialized, please go on
--- Log closed Tue Jan 14 12:09:59 2014
--- Log opened Tue Jan 28 17:49:38 2014
17:49 [localhost]: BitlBee-IRCd initialized, please go on
--- Log closed Tue Jan 28 17:55:20 2014
--- Log opened Thu Jan 30 10:03:06 2014
10:03 [localhost]: BitlBee-IRCd initialized, please go on
--- Log closed Thu Jan 30 10:08:58 2014
--- Log opened Sat Feb 01 05:16:11 2014
05:16 [localhost]: BitlBee-IRCd initialized, please go on
--- Log closed Sat Feb 01 05:22:01 2014
