--- Log opened Fri Mar 01 15:05:54 2013
15:05 Irssi: Starting query in localhost with Dad
15:06      jhar See you soon--S'bucks was it?
15:07      jhar ...you've probably left :)
15:08       Dad Yes. See you soon. I'm leaving now.
15:08      jhar TTYL
15:08 Irssi: Closing query with Dad
--- Log closed Fri Mar 01 15:08:17 2013
--- Log opened Fri Mar 22 11:05:54 2013
11:05 Irssi: Starting query in localhost with Dad
11:06      jhar How you feeling these days?
11:06 Irssi: Closing query with Dad
--- Log closed Fri Mar 22 11:06:29 2013
--- Log opened Fri Apr 26 12:30:04 2013
12:30 Irssi: Starting query in localhost with Dad
12:30      jhar Have a good trip?
12:30      jhar ...I see you're "away".  I'll give you guys a call later.
12:30 Irssi: Closing query with Dad
--- Log closed Fri Apr 26 12:30:46 2013
--- Log opened Wed May 29 05:49:18 2013
05:49 Irssi: Starting query in localhost with Dad
05:49       Dad Are you there?
05:50       Dad If you get a chance look at the Tesla chart (TSLA). I was told to get in to the trade in April, but I was not impressed with the chart so I declined.
--- Log closed Wed May 29 05:56:31 2013
--- Log opened Wed May 29 06:04:44 2013
06:04              <   Dad!djshoop@gmail.com [Leaving...]
--- Log closed Wed May 29 06:10:31 2013
--- Log opened Wed May 29 14:50:26 2013
14:50 Irssi: Closing query with Dad
--- Log closed Wed May 29 14:50:26 2013
