--- Log opened Tue Sep 03 12:47:57 2013
12:47 Irssi: Starting query in localhost with Dad_Shoop
12:48      jhar Hey, Dad, having a good day?
12:50              <   Dad_Shoop!-100002248685672@chat.facebook.com [Leaving...]
--- Log closed Tue Sep 03 12:56:18 2013
--- Log opened Tue Sep 03 13:03:28 2013
13:03              <   Dad_Shoop!-100002248685672@chat.facebook.com [Leaving...]
--- Log closed Tue Sep 03 13:09:18 2013
--- Log opened Tue Sep 03 13:49:00 2013
13:49 Irssi: Closing query with Dad_Shoop
--- Log closed Tue Sep 03 13:49:00 2013
--- Log opened Wed Sep 04 20:48:08 2013
20:48 Irssi: Starting query in localhost with Dad_Shoop
20:48 Dad_Shoop Ach! Es war Dienstag. Ich hat eine guten tag. Danke.
20:51              <   Dad_Shoop!-100002248685672@chat.facebook.com [Leaving...]
--- Log closed Wed Sep 04 20:56:20 2013
--- Log opened Wed Sep 04 20:58:48 2013
20:58              <   Dad_Shoop!-100002248685672@chat.facebook.com [Leaving...]
--- Log closed Wed Sep 04 21:04:20 2013
--- Log opened Wed Sep 11 15:39:51 2013
15:39              <   Dad_Shoop!-100002248685672@chat.facebook.com [Leaving...]
--- Log closed Wed Sep 11 15:45:30 2013
--- Log opened Wed Sep 11 20:22:42 2013
20:22              <   Dad_Shoop!-100002248685672@chat.facebook.com [Leaving...]
--- Log closed Wed Sep 11 20:28:30 2013
