--- Log opened Fri May 31 20:09:57 2013
20:09 Irssi: Starting query in localhost with Dave_Rose
20:09 Dave_Rose Thanks much, Harlan!
--- Log closed Fri May 31 20:15:35 2013
--- Log opened Fri May 31 20:58:16 2013
20:58              <   Dave_Rose!-1466583503@chat.facebook.com [Leaving...]
--- Log closed Fri May 31 21:03:35 2013
--- Log opened Fri May 31 21:04:53 2013
21:04              <   Dave_Rose!-1466583503@chat.facebook.com [Leaving...]
--- Log closed Fri May 31 21:10:35 2013
--- Log opened Fri May 31 21:14:10 2013
21:14              <   Dave_Rose!-1466583503@chat.facebook.com [Leaving...]
--- Log closed Fri May 31 21:19:35 2013
--- Log opened Fri May 31 21:45:45 2013
21:45              <   Dave_Rose!-1466583503@chat.facebook.com [Leaving...]
--- Log closed Fri May 31 21:51:35 2013
--- Log opened Sat Jun 01 05:14:03 2013
05:14              <   Dave_Rose!-1466583503@chat.facebook.com [Leaving...]
--- Log closed Sat Jun 01 05:19:36 2013
--- Log opened Mon Jun 03 02:27:19 2013
02:27              <   Dave_Rose!-1466583503@chat.facebook.com [Leaving...]
--- Log closed Mon Jun 03 02:32:38 2013
--- Log opened Mon Jun 03 11:13:07 2013
11:13      jhar lq
11:13 Irssi: Closing query with Dave_Rose
--- Log closed Mon Jun 03 11:13:16 2013
