--- Log opened Thu May 09 10:36:00 2013
10:36 Irssi: Starting query in localhost with Jeremiah_Erickson
10:36 Jeremiah_ Good morning.  We wanted to see if you were able to make it to the Jon Troast concert tonight.  We'll have food/wine and it will be a fun evening.  Check out the Facebook event invite we sent you for more information.
10:36 Jeremiah_  
10:36 Jeremiah_ We're hoping to see you tonight. 
10:36              <   Jeremiah_Erickson!-518855842@chat.facebook.com [Leaving...]
--- Log closed Thu May 09 10:41:03 2013
--- Log opened Thu May 09 10:42:51 2013
10:42              <   Jeremiah_Erickson!-518855842@chat.facebook.com [Leaving...]
10:46              <   Jeremiah_Erickson!-518855842@chat.facebook.com [Leaving...]
--- Log closed Thu May 09 10:52:03 2013
--- Log opened Thu May 09 11:18:32 2013
11:18              <   Jeremiah_Erickson!-518855842@chat.facebook.com [Leaving...]
--- Log closed Thu May 09 11:24:03 2013
--- Log opened Thu May 09 11:26:45 2013
11:26              <   Jeremiah_Erickson!-518855842@chat.facebook.com [Leaving...]
11:28              <   Jeremiah_Erickson!-518855842@chat.facebook.com [Leaving...]
--- Log closed Thu May 09 11:34:03 2013
--- Log opened Thu May 09 11:34:57 2013
11:34              <   Jeremiah_Erickson!-518855842@chat.facebook.com [Leaving...]
--- Log closed Thu May 09 11:40:03 2013
--- Log opened Thu May 09 13:58:22 2013
13:58              <   Jeremiah_Erickson!-518855842@chat.facebook.com [Leaving...]
--- Log closed Thu May 09 14:04:03 2013
--- Log opened Thu May 09 14:08:40 2013
14:08              <   Jeremiah_Erickson!-518855842@chat.facebook.com [Leaving...]
--- Log closed Thu May 09 14:14:03 2013
--- Log opened Thu May 09 14:17:36 2013
14:17              <   Jeremiah_Erickson!-518855842@chat.facebook.com [Leaving...]
--- Log closed Thu May 09 14:23:03 2013
--- Log opened Thu May 09 15:13:16 2013
15:13              <   Jeremiah_Erickson!-518855842@chat.facebook.com [Leaving...]
--- Log closed Thu May 09 15:19:03 2013
--- Log opened Thu May 09 15:33:19 2013
15:33              <   Jeremiah_Erickson!-518855842@chat.facebook.com [Leaving...]
--- Log closed Thu May 09 15:39:03 2013
--- Log opened Thu May 09 16:17:34 2013
16:17              <   Jeremiah_Erickson!-518855842@chat.facebook.com [Leaving...]
--- Log closed Thu May 09 16:23:03 2013
--- Log opened Thu May 09 23:42:11 2013
23:42              <   Jeremiah_Erickson!-518855842@chat.facebook.com [Leaving...]
--- Log closed Thu May 09 23:48:03 2013
--- Log opened Fri May 10 08:03:15 2013
08:03              <   Jeremiah_Erickson!-518855842@chat.facebook.com [Leaving...]
08:08              <   Jeremiah_Erickson!-518855842@chat.facebook.com [Leaving...]
--- Log closed Fri May 10 08:14:04 2013
--- Log opened Fri May 10 08:55:04 2013
08:55              <   Jeremiah_Erickson!-518855842@chat.facebook.com [Leaving...]
--- Log closed Fri May 10 09:00:04 2013
--- Log opened Fri May 10 09:19:45 2013
09:19              <   Jeremiah_Erickson!-518855842@chat.facebook.com [Leaving...]
--- Log closed Fri May 10 09:25:04 2013
--- Log opened Fri May 10 11:14:16 2013
11:14              <   Jeremiah_Erickson!-518855842@chat.facebook.com [Leaving...]
--- Log closed Fri May 10 11:20:04 2013
--- Log opened Fri May 10 11:38:46 2013
11:38              <   Jeremiah_Erickson!-518855842@chat.facebook.com [Leaving...]
--- Log closed Fri May 10 11:44:04 2013
--- Log opened Fri May 10 12:13:54 2013
12:13              <   Jeremiah_Erickson!-518855842@chat.facebook.com [Leaving...]
--- Log closed Fri May 10 12:19:04 2013
--- Log opened Fri May 10 15:43:08 2013
15:43              <   Jeremiah_Erickson!-518855842@chat.facebook.com [Leaving...]
--- Log closed Fri May 10 15:49:04 2013
--- Log opened Fri May 10 16:40:08 2013
16:40              <   Jeremiah_Erickson!-518855842@chat.facebook.com [Leaving...]
--- Log closed Fri May 10 16:46:04 2013
--- Log opened Fri May 10 18:14:58 2013
18:14              <   Jeremiah_Erickson!-518855842@chat.facebook.com [Leaving...]
--- Log closed Fri May 10 18:20:05 2013
--- Log opened Fri May 10 18:35:10 2013
18:35              <   Jeremiah_Erickson!-518855842@chat.facebook.com [Leaving...]
--- Log closed Fri May 10 18:41:05 2013
--- Log opened Fri May 10 20:39:30 2013
20:39              <   Jeremiah_Erickson!-518855842@chat.facebook.com [Leaving...]
--- Log closed Fri May 10 20:45:05 2013
--- Log opened Fri May 10 22:21:23 2013
22:21              <   Jeremiah_Erickson!-518855842@chat.facebook.com [Leaving...]
--- Log closed Fri May 10 22:27:05 2013
--- Log opened Sat May 11 03:42:47 2013
03:42              <   Jeremiah_Erickson!-518855842@chat.facebook.com [Leaving...]
--- Log closed Sat May 11 03:48:05 2013
--- Log opened Sat May 11 06:10:14 2013
06:10              <   Jeremiah_Erickson!-518855842@chat.facebook.com [Leaving...]
--- Log closed Sat May 11 06:16:05 2013
--- Log opened Sat May 11 08:36:45 2013
08:36              <   Jeremiah_Erickson!-518855842@chat.facebook.com [Leaving...]
--- Log closed Sat May 11 08:42:05 2013
--- Log opened Sat May 11 20:24:50 2013
20:24              <   Jeremiah_Erickson!-518855842@chat.facebook.com [Leaving...]
--- Log closed Sat May 11 20:30:06 2013
--- Log opened Sat May 11 21:25:11 2013
21:25              <   Jeremiah_Erickson!-518855842@chat.facebook.com [Leaving...]
--- Log closed Sat May 11 21:31:06 2013
--- Log opened Sun May 12 14:41:19 2013
14:41              <   Jeremiah_Erickson!-518855842@chat.facebook.com [Leaving...]
--- Log closed Sun May 12 14:47:07 2013
--- Log opened Sun May 12 15:54:07 2013
15:54              <   Jeremiah_Erickson!-518855842@chat.facebook.com [Leaving...]
--- Log closed Sun May 12 15:59:07 2013
--- Log opened Sun May 12 16:57:42 2013
16:57              <   Jeremiah_Erickson!-518855842@chat.facebook.com [Leaving...]
--- Log closed Sun May 12 17:03:07 2013
--- Log opened Sun May 12 17:32:57 2013
17:32              <   Jeremiah_Erickson!-518855842@chat.facebook.com [Leaving...]
--- Log closed Sun May 12 17:38:07 2013
--- Log opened Sun May 12 18:45:11 2013
18:45              <   Jeremiah_Erickson!-518855842@chat.facebook.com [Leaving...]
18:47              <   Jeremiah_Erickson!-518855842@chat.facebook.com [Leaving...]
--- Log closed Sun May 12 18:53:08 2013
--- Log opened Sun May 12 18:56:19 2013
18:56              <   Jeremiah_Erickson!-518855842@chat.facebook.com [Leaving...]
--- Log closed Sun May 12 19:02:08 2013
--- Log opened Sun May 12 21:02:13 2013
21:02              <   Jeremiah_Erickson!-518855842@chat.facebook.com [Leaving...]
--- Log closed Sun May 12 21:08:08 2013
--- Log opened Mon May 13 15:22:47 2013
15:22              <   Jeremiah_Erickson!-518855842@chat.facebook.com [Leaving...]
--- Log closed Mon May 13 15:28:09 2013
--- Log opened Mon May 13 15:30:17 2013
15:30              <   Jeremiah_Erickson!-518855842@chat.facebook.com [Leaving...]
--- Log closed Mon May 13 15:36:09 2013
--- Log opened Mon May 13 15:51:18 2013
15:51              <   Jeremiah_Erickson!-518855842@chat.facebook.com [Leaving...]
--- Log closed Mon May 13 15:57:09 2013
--- Log opened Mon May 13 16:56:19 2013
16:56              <   Jeremiah_Erickson!-518855842@chat.facebook.com [Leaving...]
--- Log closed Mon May 13 17:02:09 2013
--- Log opened Mon May 13 19:15:25 2013
19:15              <   Jeremiah_Erickson!-518855842@chat.facebook.com [Leaving...]
--- Log closed Mon May 13 19:21:09 2013
--- Log opened Mon May 13 19:59:53 2013
19:59              <   Jeremiah_Erickson!-518855842@chat.facebook.com [Leaving...]
--- Log closed Mon May 13 20:05:09 2013
--- Log opened Mon May 13 20:17:49 2013
20:17              <   Jeremiah_Erickson!-518855842@chat.facebook.com [Leaving...]
--- Log closed Mon May 13 20:23:09 2013
--- Log opened Mon May 13 21:02:57 2013
21:02              <   Jeremiah_Erickson!-518855842@chat.facebook.com [Leaving...]
--- Log closed Mon May 13 21:08:09 2013
--- Log opened Tue May 14 11:25:05 2013
11:25              <   Jeremiah_Erickson!-518855842@chat.facebook.com [Leaving...]
--- Log closed Tue May 14 11:30:10 2013
--- Log opened Tue May 14 11:51:53 2013
11:51              <   Jeremiah_Erickson!-518855842@chat.facebook.com [Leaving...]
--- Log closed Tue May 14 11:57:10 2013
--- Log opened Tue May 14 14:56:41 2013
14:56              <   Jeremiah_Erickson!-518855842@chat.facebook.com [Leaving...]
--- Log closed Tue May 14 15:02:10 2013
--- Log opened Tue May 14 15:46:07 2013
15:46              <   Jeremiah_Erickson!-518855842@chat.facebook.com [Leaving...]
--- Log closed Tue May 14 15:51:10 2013
--- Log opened Tue May 14 17:32:19 2013
17:32              <   Jeremiah_Erickson!-518855842@chat.facebook.com [Leaving...]
--- Log closed Tue May 14 17:38:10 2013
--- Log opened Tue May 14 21:30:49 2013
21:30              <   Jeremiah_Erickson!-518855842@chat.facebook.com [Leaving...]
--- Log closed Tue May 14 21:36:11 2013
--- Log opened Tue May 14 22:24:33 2013
22:24              <   Jeremiah_Erickson!-518855842@chat.facebook.com [Leaving...]
--- Log closed Tue May 14 22:30:11 2013
--- Log opened Tue May 14 22:38:52 2013
22:38              <   Jeremiah_Erickson!-518855842@chat.facebook.com [Leaving...]
--- Log closed Tue May 14 22:44:11 2013
--- Log opened Tue May 14 23:10:58 2013
23:10              <   Jeremiah_Erickson!-518855842@chat.facebook.com [Leaving...]
--- Log closed Tue May 14 23:16:11 2013
--- Log opened Wed May 15 07:18:21 2013
07:18              <   Jeremiah_Erickson!-518855842@chat.facebook.com [Leaving...]
--- Log closed Wed May 15 07:24:11 2013
--- Log opened Wed May 15 07:34:16 2013
07:34              <   Jeremiah_Erickson!-518855842@chat.facebook.com [Leaving...]
--- Log closed Wed May 15 07:40:11 2013
--- Log opened Wed May 15 08:46:20 2013
08:46 Irssi: Closing query with Jeremiah_Erickson
--- Log closed Wed May 15 08:46:20 2013
