--- Log opened Sun Jun 02 23:42:18 2013
23:42 Irssi: Starting query in localhost with Keighley_Shoop
23:42      jhar You still up?
23:42      jhar ...I guess not :)
23:42 Irssi: Closing query with Keighley_Shoop
--- Log closed Sun Jun 02 23:42:32 2013
--- Log opened Mon Jun 03 09:38:27 2013
09:38 Irssi: Starting query in localhost with Keighley_Shoop
09:38 Keighley_ Oh, sorri
09:38 Keighley_ My phone was charging
--- Log closed Mon Jun 03 09:44:39 2013
--- Log opened Mon Jun 03 09:44:44 2013
09:44              <   Keighley_Shoop!keighley.shoop@gmail.com [Leaving...]
--- Log closed Mon Jun 03 09:50:39 2013
--- Log opened Mon Jun 03 10:14:20 2013
10:14              <   Keighley_Shoop!keighley.shoop@gmail.com [Leaving...]
--- Log closed Mon Jun 03 10:19:39 2013
--- Log opened Mon Jun 03 11:13:10 2013
11:13 Irssi: Closing query with Keighley_Shoop
--- Log closed Mon Jun 03 11:13:10 2013
