--- Log opened Sun Aug 18 19:43:53 2013
19:43 Irssi: Starting query in localhost with Mark_Gilbert
19:43 Mark_Gilb Please pray. I'm tormented by self doubt. Yet I can't identify a single significant business failing to correct.
--- Log closed Sun Aug 18 19:48:56 2013
--- Log opened Sun Aug 18 20:17:29 2013
20:17              <   Mark_Gilbert!-1369056769@chat.facebook.com [Leaving...]
--- Log closed Sun Aug 18 20:22:56 2013
--- Log opened Mon Aug 19 03:52:50 2013
03:52              <   Mark_Gilbert!-1369056769@chat.facebook.com [Leaving...]
--- Log closed Mon Aug 19 03:57:56 2013
--- Log opened Mon Aug 19 04:55:18 2013
04:55              <   Mark_Gilbert!-1369056769@chat.facebook.com [Leaving...]
--- Log closed Mon Aug 19 05:00:56 2013
--- Log opened Mon Aug 19 06:38:17 2013
06:38              <   Mark_Gilbert!-1369056769@chat.facebook.com [Leaving...]
--- Log closed Mon Aug 19 06:43:56 2013
--- Log opened Mon Aug 19 09:34:03 2013
09:34              <   Mark_Gilbert!-1369056769@chat.facebook.com [Leaving...]
--- Log closed Mon Aug 19 09:39:57 2013
--- Log opened Mon Aug 19 09:56:58 2013
09:56              <   Mark_Gilbert!-1369056769@chat.facebook.com [Leaving...]
09:59              <   Mark_Gilbert!-1369056769@chat.facebook.com [Leaving...]
--- Log closed Mon Aug 19 10:04:57 2013
--- Log opened Mon Aug 19 12:16:37 2013
12:16              <   Mark_Gilbert!-1369056769@chat.facebook.com [Leaving...]
--- Log closed Mon Aug 19 12:21:57 2013
--- Log opened Mon Aug 19 16:00:10 2013
16:00              <   Mark_Gilbert!-1369056769@chat.facebook.com [Leaving...]
--- Log closed Mon Aug 19 16:05:57 2013
--- Log opened Mon Aug 19 17:37:27 2013
17:37              <   Mark_Gilbert!-1369056769@chat.facebook.com [Leaving...]
--- Log closed Mon Aug 19 17:42:57 2013
--- Log opened Mon Aug 19 20:35:09 2013
20:35              <   Mark_Gilbert!-1369056769@chat.facebook.com [Leaving...]
--- Log closed Mon Aug 19 20:40:57 2013
--- Log opened Mon Aug 19 21:20:38 2013
21:20              <   Mark_Gilbert!-1369056769@chat.facebook.com [Leaving...]
--- Log closed Mon Aug 19 21:25:57 2013
--- Log opened Mon Aug 19 21:47:28 2013
21:47              <   Mark_Gilbert!-1369056769@chat.facebook.com [Leaving...]
--- Log closed Mon Aug 19 21:52:57 2013
--- Log opened Mon Aug 19 21:59:43 2013
21:59              <   Mark_Gilbert!-1369056769@chat.facebook.com [Leaving...]
--- Log closed Mon Aug 19 22:04:57 2013
--- Log opened Mon Aug 19 22:31:56 2013
22:31              <   Mark_Gilbert!-1369056769@chat.facebook.com [Leaving...]
--- Log closed Mon Aug 19 22:36:57 2013
--- Log opened Tue Aug 20 02:47:20 2013
02:47              <   Mark_Gilbert!-1369056769@chat.facebook.com [Leaving...]
--- Log closed Tue Aug 20 02:52:58 2013
--- Log opened Tue Aug 20 03:43:17 2013
03:43              <   Mark_Gilbert!-1369056769@chat.facebook.com [Leaving...]
--- Log closed Tue Aug 20 03:48:58 2013
--- Log opened Tue Aug 20 04:45:20 2013
04:45              <   Mark_Gilbert!-1369056769@chat.facebook.com [Leaving...]
--- Log closed Tue Aug 20 04:50:58 2013
--- Log opened Tue Aug 20 05:12:11 2013
05:12              <   Mark_Gilbert!-1369056769@chat.facebook.com [Leaving...]
--- Log closed Tue Aug 20 05:17:58 2013
--- Log opened Tue Aug 20 07:51:42 2013
07:51              <   Mark_Gilbert!-1369056769@chat.facebook.com [Leaving...]
--- Log closed Tue Aug 20 07:56:58 2013
--- Log opened Tue Aug 20 08:23:53 2013
08:23              <   Mark_Gilbert!-1369056769@chat.facebook.com [Leaving...]
--- Log closed Tue Aug 20 08:28:58 2013
--- Log opened Tue Aug 20 08:43:22 2013
08:43              <   Mark_Gilbert!-1369056769@chat.facebook.com [Leaving...]
--- Log closed Tue Aug 20 08:48:58 2013
--- Log opened Tue Aug 20 10:33:34 2013
10:33              <   Mark_Gilbert!-1369056769@chat.facebook.com [Leaving...]
--- Log closed Tue Aug 20 10:38:58 2013
--- Log opened Tue Aug 20 13:42:53 2013
13:42              <   Mark_Gilbert!-1369056769@chat.facebook.com [Leaving...]
--- Log closed Tue Aug 20 13:47:58 2013
--- Log opened Tue Aug 20 13:51:55 2013
13:51              <   Mark_Gilbert!-1369056769@chat.facebook.com [Leaving...]
--- Log closed Tue Aug 20 13:56:58 2013
--- Log opened Tue Aug 20 17:06:18 2013
17:06              <   Mark_Gilbert!-1369056769@chat.facebook.com [Leaving...]
--- Log closed Tue Aug 20 17:11:58 2013
--- Log opened Tue Aug 20 18:48:07 2013
18:48              <   Mark_Gilbert!-1369056769@chat.facebook.com [Leaving...]
--- Log closed Tue Aug 20 18:53:59 2013
--- Log opened Tue Aug 20 20:00:59 2013
20:00              <   Mark_Gilbert!-1369056769@chat.facebook.com [Leaving...]
--- Log closed Tue Aug 20 20:05:59 2013
--- Log opened Tue Aug 20 20:09:19 2013
20:09              <   Mark_Gilbert!-1369056769@chat.facebook.com [Leaving...]
--- Log closed Tue Aug 20 20:14:59 2013
--- Log opened Tue Aug 20 20:17:22 2013
20:17              <   Mark_Gilbert!-1369056769@chat.facebook.com [Leaving...]
--- Log closed Tue Aug 20 20:22:59 2013
--- Log opened Tue Aug 20 20:29:15 2013
20:29              <   Mark_Gilbert!-1369056769@chat.facebook.com [Leaving...]
--- Log closed Tue Aug 20 20:34:59 2013
--- Log opened Tue Aug 20 20:43:57 2013
20:43              <   Mark_Gilbert!-1369056769@chat.facebook.com [Leaving...]
--- Log closed Tue Aug 20 20:48:59 2013
--- Log opened Wed Aug 21 19:50:52 2013
19:50              <   Mark_Gilbert!-1369056769@chat.facebook.com [Leaving...]
--- Log closed Wed Aug 21 19:56:00 2013
--- Log opened Wed Aug 21 20:16:41 2013
20:16              <   Mark_Gilbert!-1369056769@chat.facebook.com [Leaving...]
--- Log closed Wed Aug 21 20:22:00 2013
--- Log opened Wed Aug 21 21:13:23 2013
21:13              <   Mark_Gilbert!-1369056769@chat.facebook.com [Leaving...]
--- Log closed Wed Aug 21 21:19:00 2013
--- Log opened Wed Aug 21 21:35:32 2013
21:35              <   Mark_Gilbert!-1369056769@chat.facebook.com [Leaving...]
--- Log closed Wed Aug 21 21:41:00 2013
--- Log opened Wed Aug 21 22:18:03 2013
22:18              <   Mark_Gilbert!-1369056769@chat.facebook.com [Leaving...]
--- Log closed Wed Aug 21 22:24:00 2013
--- Log opened Thu Aug 22 03:38:30 2013
03:38              <   Mark_Gilbert!-1369056769@chat.facebook.com [Leaving...]
--- Log closed Thu Aug 22 03:44:01 2013
--- Log opened Thu Aug 22 04:25:16 2013
04:25              <   Mark_Gilbert!-1369056769@chat.facebook.com [Leaving...]
--- Log closed Thu Aug 22 04:31:01 2013
--- Log opened Thu Aug 22 04:59:00 2013
04:59              <   Mark_Gilbert!-1369056769@chat.facebook.com [Leaving...]
--- Log closed Thu Aug 22 05:04:01 2013
--- Log opened Thu Aug 22 11:50:02 2013
11:50              <   Mark_Gilbert!-1369056769@chat.facebook.com [Leaving...]
--- Log closed Thu Aug 22 11:56:01 2013
--- Log opened Thu Aug 22 17:26:23 2013
17:26              <   Mark_Gilbert!-1369056769@chat.facebook.com [Leaving...]
--- Log closed Thu Aug 22 17:32:01 2013
--- Log opened Thu Aug 22 17:53:17 2013
17:53              <   Mark_Gilbert!-1369056769@chat.facebook.com [Leaving...]
--- Log closed Thu Aug 22 17:59:01 2013
--- Log opened Thu Aug 22 19:30:17 2013
19:30              <   Mark_Gilbert!-1369056769@chat.facebook.com [Leaving...]
--- Log closed Thu Aug 22 19:36:01 2013
--- Log opened Fri Aug 23 16:43:48 2013
16:43              <   Mark_Gilbert!-1369056769@chat.facebook.com [Leaving...]
--- Log closed Fri Aug 23 16:49:03 2013
--- Log opened Fri Aug 23 20:06:44 2013
20:06              <   Mark_Gilbert!-1369056769@chat.facebook.com [Leaving...]
--- Log closed Fri Aug 23 20:12:03 2013
--- Log opened Fri Aug 23 21:30:27 2013
21:30              <   Mark_Gilbert!-1369056769@chat.facebook.com [Leaving...]
--- Log closed Fri Aug 23 21:36:03 2013
--- Log opened Sat Aug 24 02:55:27 2013
02:55              <   Mark_Gilbert!-1369056769@chat.facebook.com [Leaving...]
--- Log closed Sat Aug 24 03:01:03 2013
--- Log opened Sat Aug 24 04:17:35 2013
04:17              <   Mark_Gilbert!-1369056769@chat.facebook.com [Leaving...]
--- Log closed Sat Aug 24 04:23:03 2013
--- Log opened Sat Aug 24 09:56:23 2013
09:56              <   Mark_Gilbert!-1369056769@chat.facebook.com [Leaving...]
--- Log closed Sat Aug 24 10:02:04 2013
--- Log opened Sat Aug 24 10:08:36 2013
10:08              <   Mark_Gilbert!-1369056769@chat.facebook.com [Leaving...]
--- Log closed Sat Aug 24 10:14:04 2013
--- Log opened Sat Aug 24 12:18:13 2013
12:18              <   Mark_Gilbert!-1369056769@chat.facebook.com [Leaving...]
--- Log closed Sat Aug 24 12:24:04 2013
--- Log opened Sat Aug 24 12:53:59 2013
12:53              <   Mark_Gilbert!-1369056769@chat.facebook.com [Leaving...]
--- Log closed Sat Aug 24 12:59:04 2013
--- Log opened Sat Aug 24 19:05:16 2013
19:05              <   Mark_Gilbert!-1369056769@chat.facebook.com [Leaving...]
--- Log closed Sat Aug 24 19:11:04 2013
--- Log opened Sat Aug 24 19:28:12 2013
19:28              <   Mark_Gilbert!-1369056769@chat.facebook.com [Leaving...]
--- Log closed Sat Aug 24 19:34:04 2013
--- Log opened Sun Aug 25 04:40:41 2013
04:40              <   Mark_Gilbert!-1369056769@chat.facebook.com [Leaving...]
--- Log closed Sun Aug 25 04:46:05 2013
--- Log opened Sun Aug 25 06:40:21 2013
06:40              <   Mark_Gilbert!-1369056769@chat.facebook.com [Leaving...]
--- Log closed Sun Aug 25 06:46:05 2013
--- Log opened Sun Aug 25 11:30:39 2013
11:30              <   Mark_Gilbert!-1369056769@chat.facebook.com [Leaving...]
--- Log closed Sun Aug 25 11:36:05 2013
--- Log opened Sun Aug 25 17:59:32 2013
17:59              <   Mark_Gilbert!-1369056769@chat.facebook.com [Leaving...]
--- Log closed Sun Aug 25 18:05:06 2013
--- Log opened Sun Aug 25 19:48:45 2013
19:48              <   Mark_Gilbert!-1369056769@chat.facebook.com [Leaving...]
--- Log closed Sun Aug 25 19:54:06 2013
--- Log opened Sun Aug 25 21:01:12 2013
21:01              <   Mark_Gilbert!-1369056769@chat.facebook.com [Leaving...]
--- Log closed Sun Aug 25 21:07:06 2013
--- Log opened Mon Aug 26 15:36:39 2013
15:36              <   Mark_Gilbert!-1369056769@chat.facebook.com [Leaving...]
--- Log closed Mon Aug 26 15:42:07 2013
--- Log opened Mon Aug 26 15:57:45 2013
15:57              <   Mark_Gilbert!-1369056769@chat.facebook.com [Leaving...]
--- Log closed Mon Aug 26 16:03:07 2013
--- Log opened Mon Aug 26 20:05:03 2013
20:05              <   Mark_Gilbert!-1369056769@chat.facebook.com [Leaving...]
--- Log closed Mon Aug 26 20:10:07 2013
--- Log opened Tue Aug 27 05:00:05 2013
05:00              <   Mark_Gilbert!-1369056769@chat.facebook.com [Leaving...]
--- Log closed Tue Aug 27 05:05:08 2013
--- Log opened Tue Aug 27 06:40:38 2013
06:40              <   Mark_Gilbert!-1369056769@chat.facebook.com [Leaving...]
--- Log closed Tue Aug 27 06:46:08 2013
--- Log opened Tue Aug 27 11:50:47 2013
11:50              <   Mark_Gilbert!-1369056769@chat.facebook.com [Leaving...]
--- Log closed Tue Aug 27 11:56:08 2013
--- Log opened Tue Aug 27 14:45:37 2013
14:45              <   Mark_Gilbert!-1369056769@chat.facebook.com [Leaving...]
--- Log closed Tue Aug 27 14:51:08 2013
--- Log opened Tue Aug 27 17:32:10 2013
17:32              <   Mark_Gilbert!-1369056769@chat.facebook.com [Leaving...]
--- Log closed Tue Aug 27 17:38:09 2013
--- Log opened Wed Aug 28 11:51:23 2013
11:51 Irssi: Closing query with Mark_Gilbert
--- Log closed Wed Aug 28 11:51:23 2013
--- Log opened Wed Aug 28 17:04:18 2013
17:04 Irssi: Starting query in localhost with Mark_Gilbert
17:04 Mark_Gilb Not entirely.
17:04 Mark_Gilb But I'm getting good input
17:05      jhar Ok.  I'll keep you in my prayers.
17:05 Mark_Gilb From wise informed guys.
17:05 Mark_Gilb Not sure why I'm so consumed.
17:06              <   Mark_Gilbert!-1369056769@chat.facebook.com [Leaving...]
17:06 Irssi: Closing query with Mark_Gilbert
--- Log closed Wed Aug 28 17:06:22 2013
--- Log opened Wed Aug 28 17:08:24 2013
17:08 Irssi: Starting query in localhost with Mark_Gilbert
17:08 Mark_Gilb Have you ever been consumed by something but found there was no foundation for the worry?
17:09      jhar No, I can't say that I have.  Certainly not with intensity.
17:10 Mark_Gilb All I can figure is God is asking me if I can trust Him.
17:11 Mark_Gilb Can I call you sometime?
17:11 Mark_Gilb I need your #
17:12 Mark_Gilb Suggest a time.
17:12      jhar Sure.  (719) 337-0175
17:12      jhar Evenings are probably better
17:13      jhar You can call now if you have time.
17:14      jhar I don't have much wisdom, but I'm happy to listen.
17:14      jhar After 6pm (7pm your time) is usually best.
--- Log closed Wed Aug 28 17:20:10 2013
--- Log opened Wed Aug 28 17:31:19 2013
17:31              <   Mark_Gilbert!-1369056769@chat.facebook.com [Leaving...]
--- Log closed Wed Aug 28 17:37:10 2013
--- Log opened Wed Aug 28 18:04:55 2013
18:04 Mark_Gilb Thanks
18:06              <   Mark_Gilbert!-1369056769@chat.facebook.com [Leaving...]
--- Log closed Wed Aug 28 18:12:10 2013
--- Log opened Wed Aug 28 19:11:39 2013
19:11              <   Mark_Gilbert!-1369056769@chat.facebook.com [Leaving...]
--- Log closed Wed Aug 28 19:17:10 2013
--- Log opened Wed Aug 28 19:26:14 2013
19:26              <   Mark_Gilbert!-1369056769@chat.facebook.com [Leaving...]
--- Log closed Wed Aug 28 19:32:10 2013
--- Log opened Thu Aug 29 04:41:15 2013
04:41              <   Mark_Gilbert!-1369056769@chat.facebook.com [Leaving...]
--- Log closed Thu Aug 29 04:47:11 2013
--- Log opened Fri Aug 30 04:38:28 2013
04:38 Mark_Gilb Much improved.
04:39              <   Mark_Gilbert!-1369056769@chat.facebook.com [Leaving...]
--- Log closed Fri Aug 30 04:44:12 2013
--- Log opened Tue Sep 03 12:47:50 2013
12:47 Irssi: Closing query with Mark_Gilbert
--- Log closed Tue Sep 03 12:47:51 2013
