--- Log opened Thu Mar 14 22:26:50 2013
22:26 Irssi: Starting query in localhost with Prem_Singh
22:26 Prem_Sing Hi Harlan
22:27 Prem_Sing Are you still online?
--- Log closed Thu Mar 14 22:33:06 2013
--- Log opened Thu Mar 14 22:46:43 2013
22:46              <   Prem_Singh!-100002916201118@chat.facebook.com [Leaving...]
22:51 Prem_Sing Yup...went down for lunch....so how are u buddy?
22:52              <   Prem_Singh!-100002916201118@chat.facebook.com [Leaving...]
22:54      jhar Fine :)
22:54      jhar How are you these days?
22:54      jhar ...haven't talked to you in awhile
--- Log closed Thu Mar 14 23:00:06 2013
--- Log opened Thu Mar 14 23:20:38 2013
23:20 Prem_Sing I am doing great.....my twin boys will be 1 year old this coming March 28...
23:20 Prem_Sing  
23:20 Prem_Sing So are NPI's keeping you busy?
23:23 Prem_Sing After Coyote, I will be working on Monarch next.....any travel plans to Penang?
--- Log closed Thu Mar 14 23:29:06 2013
--- Log opened Thu Mar 14 23:35:03 2013
23:35 Prem_Sing U 2
--- Log closed Thu Mar 14 23:40:06 2013
--- Log opened Thu Mar 14 23:58:18 2013
23:58              <   Prem_Singh!-100002916201118@chat.facebook.com [Leaving...]
--- Log closed Fri Mar 15 00:04:06 2013
--- Log opened Fri Mar 15 02:19:04 2013
02:19              <   Prem_Singh!-100002916201118@chat.facebook.com [Leaving...]
--- Log closed Fri Mar 15 02:24:06 2013
--- Log opened Fri Mar 15 04:59:40 2013
04:59              <   Prem_Singh!-100002916201118@chat.facebook.com [Leaving...]
--- Log closed Fri Mar 15 05:05:06 2013
--- Log opened Fri Mar 15 06:57:36 2013
06:57              <   Prem_Singh!-100002916201118@chat.facebook.com [Leaving...]
06:58              <   Prem_Singh!-100002916201118@chat.facebook.com [Leaving...]
--- Log closed Fri Mar 15 07:04:07 2013
--- Log opened Fri Mar 15 10:39:44 2013
10:39 Irssi: Closing query with Prem_Singh
--- Log closed Fri Mar 15 10:39:44 2013
