--- Log opened Mon May 27 19:05:45 2013
19:05 Irssi: Starting query in localhost with Prem_Singh_GT
19:05 Prem_Sing Hi Harlan.....any idea if Mike Kinney is on leave or working?
19:06              <   Prem_Singh_GT!-100002916201118@chat.facebook.com [Leaving...]
19:09              <   Prem_Singh_GT!-100002916201118@chat.facebook.com [Leaving...]
--- Log closed Mon May 27 19:15:29 2013
--- Log opened Mon May 27 19:49:34 2013
19:49              <   Prem_Singh_GT!-100002916201118@chat.facebook.com [Leaving...]
--- Log closed Mon May 27 19:55:29 2013
--- Log opened Mon May 27 19:59:24 2013
19:59              <   Prem_Singh_GT!-100002916201118@chat.facebook.com [Leaving...]
--- Log closed Mon May 27 20:04:29 2013
--- Log opened Mon May 27 20:24:37 2013
20:24              <   Prem_Singh_GT!-100002916201118@chat.facebook.com [Leaving...]
--- Log closed Mon May 27 20:30:29 2013
--- Log opened Mon May 27 20:42:22 2013
20:42              <   Prem_Singh_GT!-100002916201118@chat.facebook.com [Leaving...]
--- Log closed Mon May 27 20:47:29 2013
--- Log opened Mon May 27 21:11:45 2013
21:11              <   Prem_Singh_GT!-100002916201118@chat.facebook.com [Leaving...]
--- Log closed Mon May 27 21:17:29 2013
--- Log opened Mon May 27 22:10:14 2013
22:10              <   Prem_Singh_GT!-100002916201118@chat.facebook.com [Leaving...]
--- Log closed Mon May 27 22:15:29 2013
--- Log opened Mon May 27 22:21:30 2013
22:21              <   Prem_Singh_GT!-100002916201118@chat.facebook.com [Leaving...]
22:23              <   Prem_Singh_GT!-100002916201118@chat.facebook.com [Leaving...]
22:24 Prem_Sing was he in office today?
--- Log closed Mon May 27 22:30:29 2013
--- Log opened Mon May 27 22:42:29 2013
22:42              <   Prem_Singh_GT!-100002916201118@chat.facebook.com [Leaving...]
--- Log closed Mon May 27 22:47:29 2013
--- Log opened Mon May 27 23:42:37 2013
23:42              <   Prem_Singh_GT!-100002916201118@chat.facebook.com [Leaving...]
--- Log closed Mon May 27 23:48:29 2013
--- Log opened Mon May 27 23:51:36 2013
23:51              <   Prem_Singh_GT!-100002916201118@chat.facebook.com [Leaving...]
--- Log closed Mon May 27 23:57:29 2013
--- Log opened Tue May 28 00:16:58 2013
00:16              <   Prem_Singh_GT!-100002916201118@chat.facebook.com [Leaving...]
--- Log closed Tue May 28 00:22:29 2013
--- Log opened Tue May 28 00:38:53 2013
00:38              <   Prem_Singh_GT!-100002916201118@chat.facebook.com [Leaving...]
--- Log closed Tue May 28 00:44:30 2013
--- Log opened Tue May 28 01:57:44 2013
01:57              <   Prem_Singh_GT!-100002916201118@chat.facebook.com [Leaving...]
--- Log closed Tue May 28 02:03:30 2013
--- Log opened Tue May 28 02:33:39 2013
02:33              <   Prem_Singh_GT!-100002916201118@chat.facebook.com [Leaving...]
02:36              <   Prem_Singh_GT!-100002916201118@chat.facebook.com [Leaving...]
--- Log closed Tue May 28 02:42:30 2013
--- Log opened Tue May 28 02:50:38 2013
02:50              <   Prem_Singh_GT!-100002916201118@chat.facebook.com [Leaving...]
--- Log closed Tue May 28 02:56:30 2013
--- Log opened Tue May 28 18:57:28 2013
18:57              <   Prem_Singh_GT!-100002916201118@chat.facebook.com [Leaving...]
18:59              <   Prem_Singh_GT!-100002916201118@chat.facebook.com [Leaving...]
19:01              <   Prem_Singh_GT!-100002916201118@chat.facebook.com [Leaving...]
--- Log closed Tue May 28 19:07:31 2013
--- Log opened Tue May 28 19:22:52 2013
19:22              <   Prem_Singh_GT!-100002916201118@chat.facebook.com [Leaving...]
--- Log closed Tue May 28 19:28:31 2013
--- Log opened Tue May 28 21:47:16 2013
21:47              <   Prem_Singh_GT!-100002916201118@chat.facebook.com [Leaving...]
--- Log closed Tue May 28 21:52:31 2013
--- Log opened Tue May 28 22:06:08 2013
22:06              <   Prem_Singh_GT!-100002916201118@chat.facebook.com [Leaving...]
--- Log closed Tue May 28 22:11:31 2013
--- Log opened Tue May 28 22:37:42 2013
22:37              <   Prem_Singh_GT!-100002916201118@chat.facebook.com [Leaving...]
--- Log closed Tue May 28 22:43:31 2013
--- Log opened Tue May 28 23:19:34 2013
23:19              <   Prem_Singh_GT!-100002916201118@chat.facebook.com [Leaving...]
--- Log closed Tue May 28 23:25:31 2013
--- Log opened Wed May 29 02:15:34 2013
02:15              <   Prem_Singh_GT!-100002916201118@chat.facebook.com [Leaving...]
--- Log closed Wed May 29 02:21:31 2013
--- Log opened Wed May 29 03:00:43 2013
03:00              <   Prem_Singh_GT!-100002916201118@chat.facebook.com [Leaving...]
--- Log closed Wed May 29 03:06:31 2013
--- Log opened Wed May 29 06:57:13 2013
06:57              <   Prem_Singh_GT!-100002916201118@chat.facebook.com [Leaving...]
--- Log closed Wed May 29 07:02:31 2013
--- Log opened Wed May 29 18:44:30 2013
18:44              <   Prem_Singh_GT!-100002916201118@chat.facebook.com [Leaving...]
--- Log closed Wed May 29 18:49:32 2013
--- Log opened Wed May 29 19:35:29 2013
19:35              <   Prem_Singh_GT!-100002916201118@chat.facebook.com [Leaving...]
19:39              <   Prem_Singh_GT!-100002916201118@chat.facebook.com [Leaving...]
--- Log closed Wed May 29 19:45:32 2013
--- Log opened Wed May 29 20:13:41 2013
20:13              <   Prem_Singh_GT!-100002916201118@chat.facebook.com [Leaving...]
--- Log closed Wed May 29 20:19:32 2013
--- Log opened Wed May 29 20:38:48 2013
20:38              <   Prem_Singh_GT!-100002916201118@chat.facebook.com [Leaving...]
--- Log closed Wed May 29 20:44:32 2013
--- Log opened Wed May 29 21:04:53 2013
21:04              <   Prem_Singh_GT!-100002916201118@chat.facebook.com [Leaving...]
--- Log closed Wed May 29 21:10:32 2013
--- Log opened Wed May 29 21:16:07 2013
21:16              <   Prem_Singh_GT!-100002916201118@chat.facebook.com [Leaving...]
--- Log closed Wed May 29 21:21:32 2013
--- Log opened Wed May 29 22:49:18 2013
22:49              <   Prem_Singh_GT!-100002916201118@chat.facebook.com [Leaving...]
22:54              <   Prem_Singh_GT!-100002916201118@chat.facebook.com [Leaving...]
--- Log closed Wed May 29 22:59:32 2013
--- Log opened Wed May 29 22:59:33 2013
22:59              <   Prem_Singh_GT!-100002916201118@chat.facebook.com [Leaving...]
--- Log closed Wed May 29 23:05:32 2013
--- Log opened Wed May 29 23:33:11 2013
23:33 Prem_Sing Anyone from the Scopes team impacted by the 2% reduction EMG work force?
23:36              <   Prem_Singh_GT!-100002916201118@chat.facebook.com [Leaving...]
--- Log closed Wed May 29 23:41:32 2013
--- Log opened Wed May 29 23:54:34 2013
23:54              <   Prem_Singh_GT!-100002916201118@chat.facebook.com [Leaving...]
--- Log closed Thu May 30 00:00:32 2013
--- Log opened Thu May 30 00:22:27 2013
00:22              <   Prem_Singh_GT!-100002916201118@chat.facebook.com [Leaving...]
--- Log closed Thu May 30 00:27:32 2013
--- Log opened Thu May 30 01:08:06 2013
01:08              <   Prem_Singh_GT!-100002916201118@chat.facebook.com [Leaving...]
--- Log closed Thu May 30 01:13:32 2013
--- Log opened Thu May 30 01:15:33 2013
01:15              <   Prem_Singh_GT!-100002916201118@chat.facebook.com [Leaving...]
--- Log closed Thu May 30 01:21:32 2013
--- Log opened Thu May 30 02:23:01 2013
02:23              <   Prem_Singh_GT!-100002916201118@chat.facebook.com [Leaving...]
--- Log closed Thu May 30 02:28:32 2013
--- Log opened Thu May 30 02:44:03 2013
02:44              <   Prem_Singh_GT!-100002916201118@chat.facebook.com [Leaving...]
--- Log closed Thu May 30 02:49:33 2013
--- Log opened Thu May 30 08:48:31 2013
08:48      jhar Prem, I don't know yet--I'll have to ask Pat ;)  I'll let you know when I hear.
08:48 Irssi: Closing query with Prem_Singh_GT
--- Log closed Thu May 30 08:48:40 2013
