--- Log opened Tue May 21 13:57:48 2013
13:57 Irssi: Starting query in localhost with Sing_Lo
13:57      jhar Hey, Sing, how are things on the job front?
14:01              <   Sing_Lo!-1095690272@chat.facebook.com [Leaving...]
--- Log closed Tue May 21 14:06:20 2013
--- Log opened Tue May 21 14:17:29 2013
14:17              <   Sing_Lo!-1095690272@chat.facebook.com [Leaving...]
--- Log closed Tue May 21 14:23:20 2013
--- Log opened Tue May 21 14:25:54 2013
14:25              <   Sing_Lo!-1095690272@chat.facebook.com [Leaving...]
--- Log closed Tue May 21 14:31:20 2013
--- Log opened Tue May 21 18:59:30 2013
18:59              <   Sing_Lo!-1095690272@chat.facebook.com [Leaving...]
--- Log closed Tue May 21 19:05:21 2013
--- Log opened Thu May 23 14:00:18 2013
14:00              <   Sing_Lo!-1095690272@chat.facebook.com [Leaving...]
14:03              <   Sing_Lo!-1095690272@chat.facebook.com [Leaving...]
--- Log closed Thu May 23 14:09:23 2013
--- Log opened Fri May 24 15:30:29 2013
15:30              <   Sing_Lo!-1095690272@chat.facebook.com [Leaving...]
--- Log closed Fri May 24 15:36:25 2013
--- Log opened Fri May 24 15:39:13 2013
15:39              <   Sing_Lo!-1095690272@chat.facebook.com [Leaving...]
--- Log closed Fri May 24 15:44:25 2013
--- Log opened Mon May 27 14:01:07 2013
14:01              <   Sing_Lo!-1095690272@chat.facebook.com [Leaving...]
--- Log closed Mon May 27 14:06:29 2013
--- Log opened Mon May 27 14:10:03 2013
14:10              <   Sing_Lo!-1095690272@chat.facebook.com [Leaving...]
--- Log closed Mon May 27 14:15:29 2013
--- Log opened Wed May 29 09:58:11 2013
09:58              <   Sing_Lo!-1095690272@chat.facebook.com [Leaving...]
--- Log closed Wed May 29 10:03:32 2013
--- Log opened Thu May 30 08:48:45 2013
08:48 Irssi: Closing query with Sing_Lo
--- Log closed Thu May 30 08:48:45 2013
--- Log opened Tue Jun 18 12:53:20 2013
12:53 Irssi: Starting query in localhost with Sing_Lo
12:53   Sing_Lo Nothing new... I'm still looking...
12:54              <   Sing_Lo!-1095690272@chat.facebook.com [Leaving...]
--- Log closed Tue Jun 18 12:59:50 2013
