--- Log opened Tue Jan 14 08:27:03 2014
08:27 Irssi: Starting query in localhost with twitter_harsite
08:27 twitter_h To finish OAuth authentication, please visit https://api.twitter.com/oauth/authorize?oauth_token=kgceh6R8FE9iugmSKGocUrZwNXdLwBcChktd4QbHg&oauth_token_secret=s5lRsbAmL3HeM1OYNx8eOdtnGsfXE6j9bfH4NX3j4&oauth_callback_confirmed=true and respond with the resulting PIN code.
08:29 Irssi: Closing query with twitter_harsite
--- Log closed Tue Jan 14 08:29:41 2014
--- Log opened Tue Jan 14 10:57:17 2014
10:57 Irssi: Starting query in localhost with twitter_harsite
10:57 twitter_h To finish OAuth authentication, please visit https://api.twitter.com/oauth/authorize?oauth_token=ma3P8dmBX6lBX2UU3TWuZrXzhvHNs8ZufVQSexTE4&oauth_token_secret=TTLASiJS96a0E6hDv53d3hCv0q9qhzGY7PYYpYyjo&oauth_callback_confirmed=true and respond with the resulting PIN code.
11:02 twitter_h To finish OAuth authentication, please visit https://api.twitter.com/oauth/authorize?oauth_token=JcF5bbWtMI1cmVvPpqK8U9NjN9tX8eWJqOWQfZ9vtM&oauth_token_secret=AeNQvRp8AJadNA9nxmnbq4Hzahtw3n8LHD9Ta8AbAw&oauth_callback_confirmed=true and respond with the resulting PIN code.
11:07 twitter_h To finish OAuth authentication, please visit https://api.twitter.com/oauth/authorize?oauth_token=QEYtnyrQjxgZqGxFbIq8uDr5hH9ZUDMtTqgsL26g&oauth_token_secret=8s9RUNHQc1GkDCIcu4iytTdHz58xsz34ASeKJJDuJNA&oauth_callback_confirmed=true and respond with the resulting PIN code.
11:08 Irssi: Closing query with twitter_harsite
--- Log closed Tue Jan 14 11:08:56 2014
--- Log opened Tue Jan 14 12:04:16 2014
12:04 Irssi: Starting query in localhost with twitter_harsite
12:04 twitter_h To finish OAuth authentication, please visit https://api.twitter.com/oauth/authorize?oauth_token=7wGFQe9jk5TCCNPWtghGCaXgwVl0GWkAuOPCa81so&oauth_token_secret=ZDRE9VHdgOOzcoYkYjUWIsekiKxjFkLIl1OkWniVy4&oauth_callback_confirmed=true and respond with the resulting PIN code.
--- Log closed Tue Jan 14 12:09:59 2014
--- Log opened Tue Jan 14 12:13:22 2014
12:13      jhar 2731081
12:14 Irssi: Closing query with twitter_harsite
--- Log closed Tue Jan 14 12:14:08 2014
