--- Log opened Fri Mar 01 14:35:29 2013
14:35 [irc.twit.tv]: *** Looking up your hostname...
14:35 [irc.twit.tv]: *** Found your hostname (c-75-70-161-1.hsd1.co.comcast.net)
14:35 [irc.twit.tv]: Welcome to TWiT!
--- Log closed Fri Mar 01 14:38:59 2013
--- Log opened Sun Mar 03 13:42:08 2013
13:42 [irc.twit.tv]: *** Looking up your hostname...
13:42 [irc.twit.tv]: *** Found your hostname (c-75-70-161-1.hsd1.co.comcast.net)
13:42 [irc.twit.tv]: Welcome to TWiT!
13:46 [irc.twit.tv]: *** Looking up your hostname...
13:46 [irc.twit.tv]: *** Found your hostname (c-75-70-161-1.hsd1.co.comcast.net) -- cached
13:46 [irc.twit.tv]: Welcome to TWiT!
--- Log closed Sun Mar 03 13:51:50 2013
--- Log opened Tue Mar 12 14:29:41 2013
14:29 [irc.twit.tv]: *** Looking up your hostname...
14:29 [irc.twit.tv]: *** Found your hostname (c-75-70-161-1.hsd1.co.comcast.net)
14:29 [irc.twit.tv]: Welcome to TWiT!
--- Log closed Tue Mar 12 14:35:03 2013
--- Log opened Fri Mar 15 12:42:12 2013
12:42 [irc.twit.tv]: *** Looking up your hostname...
12:42 [irc.twit.tv]: *** Found your hostname (c-75-70-161-1.hsd1.co.comcast.net)
12:42 [irc.twit.tv]: Welcome to TWiT!
--- Log closed Fri Mar 15 12:48:07 2013
--- Log opened Tue Jan 14 13:43:30 2014
13:43 [irc.twit.tv]: *** Looking up your hostname...
13:43 [irc.twit.tv]: *** Found your hostname (c-75-70-161-1.hsd1.co.comcast.net)
13:43 [irc.twit.tv]: Welcome to TWiT!
--- Log closed Tue Jan 14 13:49:00 2014
